2023-03-12 20:31:34,064 [INFO   ] [APP] exchange started with arguments={rtg.py, run, trader-2}
2023-03-12 20:31:34,065 [INFO   ] [APP] configuration={"Engine":{"MarketDataFile":"data/market_data1.csv","MarketEventInterval":0.05,"MarketOpenDelay":5.0,"MatchEventsFile":"match_events.csv","ScoreBoardFile":"score_board.csv","Speed":1.0,"TickInterval":0.25},"Execution":{"Host":"127.0.0.1","Port":12345},"Fees":{"Maker":-0.0001,"Taker":0.0002},"Hud":{"Host":"127.0.0.1","Port":12347},"Information":{"Type":"mmap","Name":"info.dat"},"Instrument":{"EtfClamp":0.002,"TickSize":1.0},"Limits":{"ActiveOrderCountLimit":10,"ActiveVolumeLimit":200,"MessageFrequencyInterval":1.0,"MessageFrequencyLimit":50,"PositionLimit":100},"Traders":{"TraderOne":"secret","TraderTwo":"secret"}}
2023-03-12 20:31:34,065 [INFO   ] [CONTROLLER] starting the match
2023-03-12 20:31:34,065 [INFO   ] [EXECUTION] starting execution server: host=127.0.0.1 port=12345
2023-03-12 20:31:34,066 [INFO   ] [INFORMATION] starting information publisher: type=mmap name=info.dat
2023-03-12 20:31:34,077 [INFO   ] [HEADS_UP] starting heads-up display server: host=127.0.0.1 port=12347
2023-03-12 20:31:34,078 [INFO   ] [INFORMATION] information channel established
2023-03-12 20:31:36,646 [INFO   ] [CONNECTION] fd=25 connection established: peer=127.0.0.1:49775
2023-03-12 20:31:36,647 [INFO   ] [EXECUTION] fd=25 'TraderTwo' is ready!
2023-03-12 20:31:39,097 [INFO   ] [CONTROLLER] market open
2023-03-12 20:31:39,390 [INFO   ] [COMPETITOR] 'TraderTwo' sent error message: time=0.291605 client_order_id=1 message='price is not a multiple of tick size'
2023-03-12 20:31:39,416 [ERROR  ] [CONNECTION] fd=25 connection lost:
Traceback (most recent call last):
  File "/Users/billy/opt/anaconda3/lib/python3.9/asyncio/selector_events.py", line 856, in _read_ready__data_received
    data = self._sock.recv(self.max_size)
ConnectionResetError: [Errno 54] Connection reset by peer
2023-03-12 20:31:39,458 [WARNING] [EXECUTION] fd=25 lost connection to auto-trader:
Traceback (most recent call last):
  File "/Users/billy/opt/anaconda3/lib/python3.9/asyncio/selector_events.py", line 856, in _read_ready__data_received
    data = self._sock.recv(self.max_size)
ConnectionResetError: [Errno 54] Connection reset by peer
2023-03-12 20:31:39,566 [INFO   ] [TIMER] shutting down the match: time=0.466794 reason='no remaining competitors'
2023-03-12 20:31:39,567 [INFO   ] [SCORE_BOARD] writer thread complete after processing 4 score records
2023-03-12 20:31:39,567 [INFO   ] [MATCH_EVENTS] writer thread complete after processing 231 match events
2023-03-12 20:31:39,567 [INFO   ] [APP] closing event loop
2023-03-12 20:34:30,148 [INFO   ] [APP] exchange started with arguments={rtg.py, run, trader-2}
2023-03-12 20:34:30,149 [INFO   ] [APP] configuration={"Engine":{"MarketDataFile":"data/market_data1.csv","MarketEventInterval":0.05,"MarketOpenDelay":5.0,"MatchEventsFile":"match_events.csv","ScoreBoardFile":"score_board.csv","Speed":1.0,"TickInterval":0.25},"Execution":{"Host":"127.0.0.1","Port":12345},"Fees":{"Maker":-0.0001,"Taker":0.0002},"Hud":{"Host":"127.0.0.1","Port":12347},"Information":{"Type":"mmap","Name":"info.dat"},"Instrument":{"EtfClamp":0.002,"TickSize":1.0},"Limits":{"ActiveOrderCountLimit":10,"ActiveVolumeLimit":200,"MessageFrequencyInterval":1.0,"MessageFrequencyLimit":50,"PositionLimit":100},"Traders":{"TraderOne":"secret","TraderTwo":"secret"}}
2023-03-12 20:34:30,150 [INFO   ] [CONTROLLER] starting the match
2023-03-12 20:34:30,150 [INFO   ] [EXECUTION] starting execution server: host=127.0.0.1 port=12345
2023-03-12 20:34:30,150 [INFO   ] [INFORMATION] starting information publisher: type=mmap name=info.dat
2023-03-12 20:34:30,159 [INFO   ] [HEADS_UP] starting heads-up display server: host=127.0.0.1 port=12347
2023-03-12 20:34:30,159 [INFO   ] [INFORMATION] information channel established
2023-03-12 20:34:33,049 [INFO   ] [CONNECTION] fd=25 connection established: peer=127.0.0.1:49810
2023-03-12 20:34:33,050 [INFO   ] [EXECUTION] fd=25 'TraderTwo' is ready!
2023-03-12 20:34:34,347 [INFO   ] [CONNECTION] fd=26 connection established: peer=127.0.0.1:49811
2023-03-12 20:34:35,178 [INFO   ] [CONTROLLER] market open
2023-03-12 20:34:35,198 [INFO   ] [COMPETITOR] 'TraderTwo' sent error message: time=0.020168 client_order_id=1 message='price is not a multiple of tick size'
2023-03-12 20:34:35,199 [INFO   ] [COMPETITOR] 'TraderTwo' sent error message: time=0.020560 client_order_id=2 message='price is not a multiple of tick size'
2023-03-12 20:34:35,414 [INFO   ] [COMPETITOR] 'TraderTwo' sent error message: time=0.233723 client_order_id=3 message='price is not a multiple of tick size'
2023-03-12 20:34:35,414 [INFO   ] [COMPETITOR] 'TraderTwo' sent error message: time=0.235703 client_order_id=4 message='price is not a multiple of tick size'
2023-03-12 20:34:35,708 [INFO   ] [COMPETITOR] 'TraderTwo' sent error message: time=0.526402 client_order_id=5 message='price is not a multiple of tick size'
2023-03-12 20:34:35,713 [INFO   ] [COMPETITOR] 'TraderTwo' sent error message: time=0.529661 client_order_id=6 message='price is not a multiple of tick size'
2023-03-12 20:34:36,242 [INFO   ] [COMPETITOR] 'TraderTwo' sent error message: time=1.063739 client_order_id=10 message='price is not a multiple of tick size'
2023-03-12 20:34:36,242 [INFO   ] [COMPETITOR] 'TraderTwo' sent error message: time=1.063973 client_order_id=11 message='price is not a multiple of tick size'
2023-03-12 20:34:36,463 [INFO   ] [COMPETITOR] 'TraderTwo' sent error message: time=1.284622 client_order_id=12 message='price is not a multiple of tick size'
2023-03-12 20:34:36,464 [INFO   ] [COMPETITOR] 'TraderTwo' sent error message: time=1.285268 client_order_id=13 message='price is not a multiple of tick size'
2023-03-12 20:34:36,655 [INFO   ] [COMPETITOR] 'TraderTwo' sent error message: time=1.473061 client_order_id=14 message='price is not a multiple of tick size'
2023-03-12 20:34:36,656 [INFO   ] [COMPETITOR] 'TraderTwo' sent error message: time=1.477243 client_order_id=15 message='price is not a multiple of tick size'
2023-03-12 20:34:37,152 [INFO   ] [COMPETITOR] 'TraderTwo' sent error message: time=1.973671 client_order_id=18 message='price is not a multiple of tick size'
2023-03-12 20:34:37,152 [INFO   ] [COMPETITOR] 'TraderTwo' sent error message: time=1.973954 client_order_id=19 message='price is not a multiple of tick size'
2023-03-12 20:34:37,416 [INFO   ] [COMPETITOR] 'TraderTwo' sent error message: time=2.236930 client_order_id=20 message='price is not a multiple of tick size'
2023-03-12 20:34:37,417 [INFO   ] [COMPETITOR] 'TraderTwo' sent error message: time=2.238316 client_order_id=21 message='price is not a multiple of tick size'
2023-03-12 20:34:37,660 [INFO   ] [COMPETITOR] 'TraderTwo' sent error message: time=2.480989 client_order_id=22 message='price is not a multiple of tick size'
2023-03-12 20:34:37,660 [INFO   ] [COMPETITOR] 'TraderTwo' sent error message: time=2.481538 client_order_id=23 message='price is not a multiple of tick size'
2023-03-12 20:34:37,981 [INFO   ] [COMPETITOR] 'TraderTwo' sent error message: time=2.802858 client_order_id=24 message='price is not a multiple of tick size'
2023-03-12 20:34:37,981 [INFO   ] [COMPETITOR] 'TraderTwo' sent error message: time=2.803151 client_order_id=25 message='price is not a multiple of tick size'
2023-03-12 20:34:38,163 [INFO   ] [COMPETITOR] 'TraderTwo' sent error message: time=2.984738 client_order_id=26 message='price is not a multiple of tick size'
2023-03-12 20:34:38,163 [INFO   ] [COMPETITOR] 'TraderTwo' sent error message: time=2.985080 client_order_id=27 message='price is not a multiple of tick size'
2023-03-12 20:34:38,410 [INFO   ] [COMPETITOR] 'TraderTwo' sent error message: time=3.226211 client_order_id=28 message='price is not a multiple of tick size'
2023-03-12 20:34:38,411 [INFO   ] [COMPETITOR] 'TraderTwo' sent error message: time=3.232411 client_order_id=29 message='price is not a multiple of tick size'
2023-03-12 20:34:38,672 [INFO   ] [COMPETITOR] 'TraderTwo' sent error message: time=3.493485 client_order_id=30 message='price is not a multiple of tick size'
2023-03-12 20:34:38,672 [INFO   ] [COMPETITOR] 'TraderTwo' sent error message: time=3.493826 client_order_id=31 message='price is not a multiple of tick size'
2023-03-12 20:34:38,905 [INFO   ] [COMPETITOR] 'TraderTwo' sent error message: time=3.726047 client_order_id=32 message='price is not a multiple of tick size'
2023-03-12 20:34:38,905 [INFO   ] [COMPETITOR] 'TraderTwo' sent error message: time=3.726619 client_order_id=33 message='price is not a multiple of tick size'
2023-03-12 20:34:39,171 [INFO   ] [COMPETITOR] 'TraderTwo' sent error message: time=3.991845 client_order_id=34 message='price is not a multiple of tick size'
2023-03-12 20:34:39,171 [INFO   ] [COMPETITOR] 'TraderTwo' sent error message: time=3.992510 client_order_id=35 message='price is not a multiple of tick size'
2023-03-12 20:34:39,462 [INFO   ] [COMPETITOR] 'TraderTwo' sent error message: time=4.283539 client_order_id=36 message='price is not a multiple of tick size'
2023-03-12 20:34:39,464 [INFO   ] [COMPETITOR] 'TraderTwo' sent error message: time=4.285313 client_order_id=37 message='price is not a multiple of tick size'
2023-03-12 20:34:39,702 [INFO   ] [COMPETITOR] 'TraderTwo' sent error message: time=4.522875 client_order_id=38 message='price is not a multiple of tick size'
2023-03-12 20:34:39,703 [INFO   ] [COMPETITOR] 'TraderTwo' sent error message: time=4.524136 client_order_id=39 message='price is not a multiple of tick size'
2023-03-12 20:34:39,923 [INFO   ] [COMPETITOR] 'TraderTwo' sent error message: time=4.741369 client_order_id=40 message='price is not a multiple of tick size'
2023-03-12 20:34:39,923 [INFO   ] [COMPETITOR] 'TraderTwo' sent error message: time=4.744627 client_order_id=41 message='price is not a multiple of tick size'
2023-03-12 20:34:40,179 [INFO   ] [COMPETITOR] 'TraderTwo' sent error message: time=4.988462 client_order_id=42 message='price is not a multiple of tick size'
2023-03-12 20:34:40,181 [INFO   ] [COMPETITOR] 'TraderTwo' sent error message: time=5.001052 client_order_id=43 message='price is not a multiple of tick size'
2023-03-12 20:34:40,496 [INFO   ] [COMPETITOR] 'TraderTwo' sent error message: time=5.316484 client_order_id=44 message='price is not a multiple of tick size'
2023-03-12 20:34:40,497 [INFO   ] [COMPETITOR] 'TraderTwo' sent error message: time=5.318219 client_order_id=45 message='price is not a multiple of tick size'
2023-03-12 20:34:40,711 [INFO   ] [COMPETITOR] 'TraderTwo' sent error message: time=5.532379 client_order_id=46 message='price is not a multiple of tick size'
2023-03-12 20:34:40,711 [INFO   ] [COMPETITOR] 'TraderTwo' sent error message: time=5.532663 client_order_id=47 message='price is not a multiple of tick size'
2023-03-12 20:34:41,206 [INFO   ] [COMPETITOR] 'TraderTwo' sent error message: time=6.023927 client_order_id=48 message='price is not a multiple of tick size'
2023-03-12 20:34:41,216 [INFO   ] [COMPETITOR] 'TraderTwo' sent error message: time=6.028013 client_order_id=49 message='price is not a multiple of tick size'
2023-03-12 20:34:41,492 [INFO   ] [COMPETITOR] 'TraderTwo' sent error message: time=6.312526 client_order_id=50 message='price is not a multiple of tick size'
2023-03-12 20:34:41,493 [INFO   ] [COMPETITOR] 'TraderTwo' sent error message: time=6.314346 client_order_id=51 message='price is not a multiple of tick size'
2023-03-12 20:34:41,694 [INFO   ] [COMPETITOR] 'TraderTwo' sent error message: time=6.515575 client_order_id=52 message='price is not a multiple of tick size'
2023-03-12 20:34:41,695 [INFO   ] [COMPETITOR] 'TraderTwo' sent error message: time=6.516371 client_order_id=53 message='price is not a multiple of tick size'
2023-03-12 20:34:41,966 [INFO   ] [COMPETITOR] 'TraderTwo' sent error message: time=6.786751 client_order_id=54 message='price is not a multiple of tick size'
2023-03-12 20:34:41,966 [INFO   ] [COMPETITOR] 'TraderTwo' sent error message: time=6.787999 client_order_id=55 message='price is not a multiple of tick size'
2023-03-12 20:34:42,201 [INFO   ] [COMPETITOR] 'TraderTwo' sent error message: time=7.023093 client_order_id=56 message='price is not a multiple of tick size'
2023-03-12 20:34:42,202 [INFO   ] [COMPETITOR] 'TraderTwo' sent error message: time=7.023892 client_order_id=57 message='price is not a multiple of tick size'
2023-03-12 20:34:42,438 [INFO   ] [COMPETITOR] 'TraderTwo' sent error message: time=7.258043 client_order_id=58 message='price is not a multiple of tick size'
2023-03-12 20:34:42,438 [INFO   ] [COMPETITOR] 'TraderTwo' sent error message: time=7.259850 client_order_id=59 message='price is not a multiple of tick size'
2023-03-12 20:34:42,674 [INFO   ] [COMPETITOR] 'TraderTwo' sent error message: time=7.495134 client_order_id=60 message='price is not a multiple of tick size'
2023-03-12 20:34:42,675 [INFO   ] [COMPETITOR] 'TraderTwo' sent error message: time=7.496269 client_order_id=61 message='price is not a multiple of tick size'
2023-03-12 20:34:42,974 [INFO   ] [COMPETITOR] 'TraderTwo' sent error message: time=7.794879 client_order_id=62 message='price is not a multiple of tick size'
2023-03-12 20:34:42,974 [INFO   ] [COMPETITOR] 'TraderTwo' sent error message: time=7.795762 client_order_id=63 message='price is not a multiple of tick size'
2023-03-12 20:34:43,150 [INFO   ] [COMPETITOR] 'TraderTwo' sent error message: time=7.972082 client_order_id=64 message='price is not a multiple of tick size'
2023-03-12 20:34:43,151 [INFO   ] [COMPETITOR] 'TraderTwo' sent error message: time=7.972374 client_order_id=65 message='price is not a multiple of tick size'
2023-03-12 20:34:43,478 [INFO   ] [COMPETITOR] 'TraderTwo' sent error message: time=8.296137 client_order_id=66 message='price is not a multiple of tick size'
2023-03-12 20:34:43,479 [INFO   ] [COMPETITOR] 'TraderTwo' sent error message: time=8.300396 client_order_id=67 message='price is not a multiple of tick size'
2023-03-12 20:34:43,673 [INFO   ] [COMPETITOR] 'TraderTwo' sent error message: time=8.494910 client_order_id=68 message='price is not a multiple of tick size'
2023-03-12 20:34:43,673 [INFO   ] [COMPETITOR] 'TraderTwo' sent error message: time=8.495181 client_order_id=69 message='price is not a multiple of tick size'
2023-03-12 20:34:43,905 [INFO   ] [COMPETITOR] 'TraderTwo' sent error message: time=8.724672 client_order_id=70 message='price is not a multiple of tick size'
2023-03-12 20:34:43,967 [INFO   ] [COMPETITOR] 'TraderTwo' sent error message: time=8.785484 client_order_id=71 message='price is not a multiple of tick size'
2023-03-12 20:34:44,158 [INFO   ] [COMPETITOR] 'TraderTwo' sent error message: time=8.979029 client_order_id=72 message='price is not a multiple of tick size'
2023-03-12 20:34:44,158 [INFO   ] [COMPETITOR] 'TraderTwo' sent error message: time=8.979849 client_order_id=73 message='price is not a multiple of tick size'
2023-03-12 20:34:44,490 [INFO   ] [COMPETITOR] 'TraderTwo' sent error message: time=9.311928 client_order_id=74 message='price is not a multiple of tick size'
2023-03-12 20:34:44,491 [INFO   ] [COMPETITOR] 'TraderTwo' sent error message: time=9.312605 client_order_id=75 message='price is not a multiple of tick size'
2023-03-12 20:34:44,716 [INFO   ] [COMPETITOR] 'TraderTwo' sent error message: time=9.536405 client_order_id=76 message='price is not a multiple of tick size'
2023-03-12 20:34:44,716 [INFO   ] [COMPETITOR] 'TraderTwo' sent error message: time=9.538076 client_order_id=77 message='price is not a multiple of tick size'
2023-03-12 20:34:44,996 [INFO   ] [COMPETITOR] 'TraderTwo' sent error message: time=9.817264 client_order_id=78 message='price is not a multiple of tick size'
2023-03-12 20:34:44,996 [INFO   ] [COMPETITOR] 'TraderTwo' sent error message: time=9.817765 client_order_id=79 message='price is not a multiple of tick size'
2023-03-12 20:34:45,229 [INFO   ] [COMPETITOR] 'TraderTwo' sent error message: time=10.051079 client_order_id=80 message='price is not a multiple of tick size'
2023-03-12 20:34:45,230 [INFO   ] [COMPETITOR] 'TraderTwo' sent error message: time=10.051566 client_order_id=81 message='price is not a multiple of tick size'
2023-03-12 20:34:45,418 [INFO   ] [COMPETITOR] 'TraderTwo' sent error message: time=10.240063 client_order_id=82 message='price is not a multiple of tick size'
2023-03-12 20:34:45,419 [INFO   ] [COMPETITOR] 'TraderTwo' sent error message: time=10.240494 client_order_id=83 message='price is not a multiple of tick size'
2023-03-12 20:34:45,711 [INFO   ] [COMPETITOR] 'TraderTwo' sent error message: time=10.530000 client_order_id=84 message='price is not a multiple of tick size'
2023-03-12 20:34:45,712 [INFO   ] [COMPETITOR] 'TraderTwo' sent error message: time=10.533398 client_order_id=85 message='price is not a multiple of tick size'
2023-03-12 20:34:45,969 [INFO   ] [COMPETITOR] 'TraderTwo' sent error message: time=10.788430 client_order_id=86 message='price is not a multiple of tick size'
2023-03-12 20:34:45,969 [INFO   ] [COMPETITOR] 'TraderTwo' sent error message: time=10.790661 client_order_id=87 message='price is not a multiple of tick size'
2023-03-12 20:34:46,193 [INFO   ] [COMPETITOR] 'TraderTwo' sent error message: time=11.013884 client_order_id=88 message='price is not a multiple of tick size'
2023-03-12 20:34:46,193 [INFO   ] [COMPETITOR] 'TraderTwo' sent error message: time=11.014759 client_order_id=89 message='price is not a multiple of tick size'
2023-03-12 20:34:46,471 [INFO   ] [COMPETITOR] 'TraderTwo' sent error message: time=11.292318 client_order_id=90 message='price is not a multiple of tick size'
2023-03-12 20:34:46,471 [INFO   ] [COMPETITOR] 'TraderTwo' sent error message: time=11.293153 client_order_id=91 message='price is not a multiple of tick size'
2023-03-12 20:34:46,735 [INFO   ] [COMPETITOR] 'TraderTwo' sent error message: time=11.556442 client_order_id=92 message='price is not a multiple of tick size'
2023-03-12 20:34:46,735 [INFO   ] [COMPETITOR] 'TraderTwo' sent error message: time=11.557027 client_order_id=93 message='price is not a multiple of tick size'
2023-03-12 20:34:46,979 [INFO   ] [COMPETITOR] 'TraderTwo' sent error message: time=11.800710 client_order_id=94 message='price is not a multiple of tick size'
2023-03-12 20:34:46,979 [INFO   ] [COMPETITOR] 'TraderTwo' sent error message: time=11.801057 client_order_id=95 message='price is not a multiple of tick size'
2023-03-12 20:34:47,216 [INFO   ] [COMPETITOR] 'TraderTwo' sent error message: time=12.002221 client_order_id=96 message='price is not a multiple of tick size'
2023-03-12 20:34:47,218 [INFO   ] [COMPETITOR] 'TraderTwo' sent error message: time=12.039661 client_order_id=97 message='price is not a multiple of tick size'
2023-03-12 20:34:47,678 [INFO   ] [COMPETITOR] 'TraderTwo' sent error message: time=12.499208 client_order_id=98 message='price is not a multiple of tick size'
2023-03-12 20:34:47,678 [INFO   ] [COMPETITOR] 'TraderTwo' sent error message: time=12.499584 client_order_id=99 message='price is not a multiple of tick size'
2023-03-12 20:34:47,691 [INFO   ] [APP] SIGTERM signal received - shutting down...
2023-03-12 20:34:47,692 [INFO   ] [APP] closing event loop
2023-03-12 20:35:44,807 [INFO   ] [APP] exchange started with arguments={rtg.py, run, trader-2}
2023-03-12 20:35:44,808 [INFO   ] [APP] configuration={"Engine":{"MarketDataFile":"data/market_data1.csv","MarketEventInterval":0.05,"MarketOpenDelay":5.0,"MatchEventsFile":"match_events.csv","ScoreBoardFile":"score_board.csv","Speed":1.0,"TickInterval":0.25},"Execution":{"Host":"127.0.0.1","Port":12345},"Fees":{"Maker":-0.0001,"Taker":0.0002},"Hud":{"Host":"127.0.0.1","Port":12347},"Information":{"Type":"mmap","Name":"info.dat"},"Instrument":{"EtfClamp":0.002,"TickSize":1.0},"Limits":{"ActiveOrderCountLimit":10,"ActiveVolumeLimit":200,"MessageFrequencyInterval":1.0,"MessageFrequencyLimit":50,"PositionLimit":100},"Traders":{"TraderOne":"secret","TraderTwo":"secret"}}
2023-03-12 20:35:44,810 [INFO   ] [CONTROLLER] starting the match
2023-03-12 20:35:44,810 [INFO   ] [EXECUTION] starting execution server: host=127.0.0.1 port=12345
2023-03-12 20:35:44,811 [INFO   ] [INFORMATION] starting information publisher: type=mmap name=info.dat
2023-03-12 20:35:44,845 [INFO   ] [HEADS_UP] starting heads-up display server: host=127.0.0.1 port=12347
2023-03-12 20:35:44,846 [INFO   ] [INFORMATION] information channel established
2023-03-12 20:35:45,100 [INFO   ] [CONNECTION] fd=25 connection established: peer=127.0.0.1:49857
2023-03-12 20:35:45,101 [INFO   ] [EXECUTION] fd=25 'TraderTwo' is ready!
2023-03-12 20:35:46,513 [INFO   ] [CONNECTION] fd=26 connection established: peer=127.0.0.1:49858
2023-03-12 20:35:49,899 [INFO   ] [CONTROLLER] market open
2023-03-12 20:35:49,927 [INFO   ] [COMPETITOR] 'TraderTwo' sent error message: time=0.027256 client_order_id=1 message='price is not a multiple of tick size'
2023-03-12 20:35:49,927 [INFO   ] [COMPETITOR] 'TraderTwo' sent error message: time=0.027917 client_order_id=2 message='price is not a multiple of tick size'
2023-03-12 20:35:50,166 [INFO   ] [COMPETITOR] 'TraderTwo' sent error message: time=0.264547 client_order_id=3 message='price is not a multiple of tick size'
2023-03-12 20:35:50,167 [INFO   ] [COMPETITOR] 'TraderTwo' sent error message: time=0.267669 client_order_id=4 message='price is not a multiple of tick size'
2023-03-12 20:35:50,376 [INFO   ] [COMPETITOR] 'TraderTwo' sent error message: time=0.475992 client_order_id=5 message='price is not a multiple of tick size'
2023-03-12 20:35:50,376 [INFO   ] [COMPETITOR] 'TraderTwo' sent error message: time=0.477251 client_order_id=6 message='price is not a multiple of tick size'
2023-03-12 20:35:50,710 [INFO   ] [COMPETITOR] 'TraderTwo' sent error message: time=0.809249 client_order_id=7 message='price is not a multiple of tick size'
2023-03-12 20:35:50,710 [INFO   ] [COMPETITOR] 'TraderTwo' sent error message: time=0.811280 client_order_id=8 message='price is not a multiple of tick size'
2023-03-12 20:35:50,958 [INFO   ] [COMPETITOR] 'TraderTwo' sent error message: time=1.058466 client_order_id=9 message='price is not a multiple of tick size'
2023-03-12 20:35:50,958 [INFO   ] [COMPETITOR] 'TraderTwo' sent error message: time=1.059166 client_order_id=10 message='price is not a multiple of tick size'
2023-03-12 20:35:51,225 [INFO   ] [COMPETITOR] 'TraderTwo' sent error message: time=1.325298 client_order_id=11 message='price is not a multiple of tick size'
2023-03-12 20:35:51,225 [INFO   ] [COMPETITOR] 'TraderTwo' sent error message: time=1.326258 client_order_id=12 message='price is not a multiple of tick size'
2023-03-12 20:35:51,418 [INFO   ] [COMPETITOR] 'TraderTwo' sent error message: time=1.518211 client_order_id=13 message='price is not a multiple of tick size'
2023-03-12 20:35:51,418 [INFO   ] [COMPETITOR] 'TraderTwo' sent error message: time=1.518977 client_order_id=14 message='price is not a multiple of tick size'
2023-03-12 20:35:51,917 [INFO   ] [COMPETITOR] 'TraderTwo' sent error message: time=2.018192 client_order_id=17 message='price is not a multiple of tick size'
2023-03-12 20:35:51,918 [INFO   ] [COMPETITOR] 'TraderTwo' sent error message: time=2.018576 client_order_id=18 message='price is not a multiple of tick size'
2023-03-12 20:35:52,155 [INFO   ] [COMPETITOR] 'TraderTwo' sent error message: time=2.255168 client_order_id=19 message='price is not a multiple of tick size'
2023-03-12 20:35:52,155 [INFO   ] [COMPETITOR] 'TraderTwo' sent error message: time=2.256207 client_order_id=20 message='price is not a multiple of tick size'
2023-03-12 20:35:52,437 [INFO   ] [COMPETITOR] 'TraderTwo' sent error message: time=2.535613 client_order_id=21 message='price is not a multiple of tick size'
2023-03-12 20:35:52,437 [INFO   ] [COMPETITOR] 'TraderTwo' sent error message: time=2.537963 client_order_id=22 message='price is not a multiple of tick size'
2023-03-12 20:35:52,663 [INFO   ] [COMPETITOR] 'TraderTwo' sent error message: time=2.763513 client_order_id=23 message='price is not a multiple of tick size'
2023-03-12 20:35:52,663 [INFO   ] [COMPETITOR] 'TraderTwo' sent error message: time=2.763908 client_order_id=24 message='price is not a multiple of tick size'
2023-03-12 20:35:52,958 [INFO   ] [COMPETITOR] 'TraderTwo' sent error message: time=3.059235 client_order_id=25 message='price is not a multiple of tick size'
2023-03-12 20:35:52,959 [INFO   ] [COMPETITOR] 'TraderTwo' sent error message: time=3.059694 client_order_id=26 message='price is not a multiple of tick size'
2023-03-12 20:35:53,224 [INFO   ] [COMPETITOR] 'TraderTwo' sent error message: time=3.325141 client_order_id=27 message='price is not a multiple of tick size'
2023-03-12 20:35:53,225 [INFO   ] [COMPETITOR] 'TraderTwo' sent error message: time=3.325541 client_order_id=28 message='price is not a multiple of tick size'
2023-03-12 20:35:53,425 [INFO   ] [COMPETITOR] 'TraderTwo' sent error message: time=3.526059 client_order_id=29 message='price is not a multiple of tick size'
2023-03-12 20:35:53,426 [INFO   ] [COMPETITOR] 'TraderTwo' sent error message: time=3.526395 client_order_id=30 message='price is not a multiple of tick size'
2023-03-12 20:35:53,672 [INFO   ] [COMPETITOR] 'TraderTwo' sent error message: time=3.772348 client_order_id=31 message='price is not a multiple of tick size'
2023-03-12 20:35:53,672 [INFO   ] [COMPETITOR] 'TraderTwo' sent error message: time=3.772973 client_order_id=32 message='price is not a multiple of tick size'
2023-03-12 20:35:53,944 [INFO   ] [COMPETITOR] 'TraderTwo' sent error message: time=4.045059 client_order_id=33 message='price is not a multiple of tick size'
2023-03-12 20:35:53,945 [INFO   ] [COMPETITOR] 'TraderTwo' sent error message: time=4.045542 client_order_id=34 message='price is not a multiple of tick size'
2023-03-12 20:35:54,135 [INFO   ] [COMPETITOR] 'TraderTwo' sent error message: time=4.235156 client_order_id=35 message='price is not a multiple of tick size'
2023-03-12 20:35:54,135 [INFO   ] [COMPETITOR] 'TraderTwo' sent error message: time=4.235864 client_order_id=36 message='price is not a multiple of tick size'
2023-03-12 20:35:54,418 [INFO   ] [COMPETITOR] 'TraderTwo' sent error message: time=4.517744 client_order_id=37 message='price is not a multiple of tick size'
2023-03-12 20:35:54,418 [INFO   ] [COMPETITOR] 'TraderTwo' sent error message: time=4.519133 client_order_id=38 message='price is not a multiple of tick size'
2023-03-12 20:35:54,658 [INFO   ] [COMPETITOR] 'TraderTwo' sent error message: time=4.757030 client_order_id=39 message='price is not a multiple of tick size'
2023-03-12 20:35:54,658 [INFO   ] [COMPETITOR] 'TraderTwo' sent error message: time=4.759066 client_order_id=40 message='price is not a multiple of tick size'
2023-03-12 20:35:54,925 [INFO   ] [COMPETITOR] 'TraderTwo' sent error message: time=5.024467 client_order_id=41 message='price is not a multiple of tick size'
2023-03-12 20:35:54,926 [INFO   ] [COMPETITOR] 'TraderTwo' sent error message: time=5.026482 client_order_id=42 message='price is not a multiple of tick size'
2023-03-12 20:35:55,148 [INFO   ] [COMPETITOR] 'TraderTwo' sent error message: time=5.249201 client_order_id=43 message='price is not a multiple of tick size'
2023-03-12 20:35:55,149 [INFO   ] [COMPETITOR] 'TraderTwo' sent error message: time=5.250134 client_order_id=44 message='price is not a multiple of tick size'
2023-03-12 20:35:55,385 [INFO   ] [COMPETITOR] 'TraderTwo' sent error message: time=5.482867 client_order_id=45 message='price is not a multiple of tick size'
2023-03-12 20:35:55,386 [INFO   ] [COMPETITOR] 'TraderTwo' sent error message: time=5.485910 client_order_id=46 message='price is not a multiple of tick size'
2023-03-12 20:35:55,712 [INFO   ] [COMPETITOR] 'TraderTwo' sent error message: time=5.812757 client_order_id=47 message='price is not a multiple of tick size'
2023-03-12 20:35:55,713 [INFO   ] [COMPETITOR] 'TraderTwo' sent error message: time=5.813785 client_order_id=48 message='price is not a multiple of tick size'
2023-03-12 20:35:56,132 [INFO   ] [COMPETITOR] 'TraderTwo' sent error message: time=6.229093 client_order_id=49 message='price is not a multiple of tick size'
2023-03-12 20:35:56,135 [INFO   ] [COMPETITOR] 'TraderTwo' sent error message: time=6.235033 client_order_id=50 message='price is not a multiple of tick size'
2023-03-12 20:35:56,395 [INFO   ] [COMPETITOR] 'TraderTwo' sent error message: time=6.495055 client_order_id=51 message='price is not a multiple of tick size'
2023-03-12 20:35:56,397 [INFO   ] [COMPETITOR] 'TraderTwo' sent error message: time=6.497586 client_order_id=52 message='price is not a multiple of tick size'
2023-03-12 20:35:56,701 [INFO   ] [COMPETITOR] 'TraderTwo' sent error message: time=6.801319 client_order_id=53 message='price is not a multiple of tick size'
2023-03-12 20:35:56,701 [INFO   ] [COMPETITOR] 'TraderTwo' sent error message: time=6.801721 client_order_id=54 message='price is not a multiple of tick size'
2023-03-12 20:35:56,974 [INFO   ] [COMPETITOR] 'TraderTwo' sent error message: time=7.074001 client_order_id=55 message='price is not a multiple of tick size'
2023-03-12 20:35:56,975 [INFO   ] [COMPETITOR] 'TraderTwo' sent error message: time=7.074974 client_order_id=56 message='price is not a multiple of tick size'
2023-03-12 20:35:57,189 [INFO   ] [COMPETITOR] 'TraderTwo' sent error message: time=7.286501 client_order_id=57 message='price is not a multiple of tick size'
2023-03-12 20:35:57,189 [INFO   ] [COMPETITOR] 'TraderTwo' sent error message: time=7.290262 client_order_id=58 message='price is not a multiple of tick size'
2023-03-12 20:35:57,426 [INFO   ] [COMPETITOR] 'TraderTwo' sent error message: time=7.526585 client_order_id=59 message='price is not a multiple of tick size'
2023-03-12 20:35:57,426 [INFO   ] [COMPETITOR] 'TraderTwo' sent error message: time=7.527298 client_order_id=60 message='price is not a multiple of tick size'
2023-03-12 20:35:57,674 [INFO   ] [COMPETITOR] 'TraderTwo' sent error message: time=7.774848 client_order_id=61 message='price is not a multiple of tick size'
2023-03-12 20:35:57,675 [INFO   ] [COMPETITOR] 'TraderTwo' sent error message: time=7.775642 client_order_id=62 message='price is not a multiple of tick size'
2023-03-12 20:35:57,967 [INFO   ] [COMPETITOR] 'TraderTwo' sent error message: time=8.063069 client_order_id=63 message='price is not a multiple of tick size'
2023-03-12 20:35:57,971 [INFO   ] [COMPETITOR] 'TraderTwo' sent error message: time=8.068079 client_order_id=64 message='price is not a multiple of tick size'
2023-03-12 20:35:58,130 [INFO   ] [COMPETITOR] 'TraderTwo' sent error message: time=8.230955 client_order_id=65 message='price is not a multiple of tick size'
2023-03-12 20:35:58,131 [INFO   ] [COMPETITOR] 'TraderTwo' sent error message: time=8.231413 client_order_id=66 message='price is not a multiple of tick size'
2023-03-12 20:35:58,426 [INFO   ] [COMPETITOR] 'TraderTwo' sent error message: time=8.526117 client_order_id=67 message='price is not a multiple of tick size'
2023-03-12 20:35:58,426 [INFO   ] [COMPETITOR] 'TraderTwo' sent error message: time=8.526857 client_order_id=68 message='price is not a multiple of tick size'
2023-03-12 20:35:58,711 [INFO   ] [COMPETITOR] 'TraderTwo' sent error message: time=8.811605 client_order_id=69 message='price is not a multiple of tick size'
2023-03-12 20:35:58,712 [INFO   ] [COMPETITOR] 'TraderTwo' sent error message: time=8.812584 client_order_id=70 message='price is not a multiple of tick size'
2023-03-12 20:35:58,928 [INFO   ] [COMPETITOR] 'TraderTwo' sent error message: time=9.028734 client_order_id=71 message='price is not a multiple of tick size'
2023-03-12 20:35:58,929 [INFO   ] [COMPETITOR] 'TraderTwo' sent error message: time=9.029573 client_order_id=72 message='price is not a multiple of tick size'
2023-03-12 20:35:59,183 [INFO   ] [COMPETITOR] 'TraderTwo' sent error message: time=9.283141 client_order_id=73 message='price is not a multiple of tick size'
2023-03-12 20:35:59,183 [INFO   ] [COMPETITOR] 'TraderTwo' sent error message: time=9.284147 client_order_id=74 message='price is not a multiple of tick size'
2023-03-12 20:35:59,411 [INFO   ] [COMPETITOR] 'TraderTwo' sent error message: time=9.491270 client_order_id=75 message='price is not a multiple of tick size'
2023-03-12 20:35:59,413 [INFO   ] [COMPETITOR] 'TraderTwo' sent error message: time=9.512611 client_order_id=76 message='price is not a multiple of tick size'
2023-03-12 20:35:59,636 [INFO   ] [COMPETITOR] 'TraderTwo' sent error message: time=9.736778 client_order_id=77 message='price is not a multiple of tick size'
2023-03-12 20:35:59,636 [INFO   ] [COMPETITOR] 'TraderTwo' sent error message: time=9.737324 client_order_id=78 message='price is not a multiple of tick size'
2023-03-12 20:35:59,913 [INFO   ] [COMPETITOR] 'TraderTwo' sent error message: time=10.011740 client_order_id=79 message='price is not a multiple of tick size'
2023-03-12 20:35:59,914 [INFO   ] [COMPETITOR] 'TraderTwo' sent error message: time=10.014218 client_order_id=80 message='price is not a multiple of tick size'
2023-03-12 20:36:00,201 [INFO   ] [COMPETITOR] 'TraderTwo' sent error message: time=10.302252 client_order_id=81 message='price is not a multiple of tick size'
2023-03-12 20:36:00,202 [INFO   ] [COMPETITOR] 'TraderTwo' sent error message: time=10.302573 client_order_id=82 message='price is not a multiple of tick size'
2023-03-12 20:36:00,407 [INFO   ] [COMPETITOR] 'TraderTwo' sent error message: time=10.508043 client_order_id=83 message='price is not a multiple of tick size'
2023-03-12 20:36:00,408 [INFO   ] [COMPETITOR] 'TraderTwo' sent error message: time=10.508628 client_order_id=84 message='price is not a multiple of tick size'
2023-03-12 20:36:00,661 [INFO   ] [COMPETITOR] 'TraderTwo' sent error message: time=10.760551 client_order_id=85 message='price is not a multiple of tick size'
2023-03-12 20:36:00,661 [INFO   ] [COMPETITOR] 'TraderTwo' sent error message: time=10.761815 client_order_id=86 message='price is not a multiple of tick size'
2023-03-12 20:36:00,883 [INFO   ] [COMPETITOR] 'TraderTwo' sent error message: time=10.982580 client_order_id=87 message='price is not a multiple of tick size'
2023-03-12 20:36:00,883 [INFO   ] [COMPETITOR] 'TraderTwo' sent error message: time=10.984050 client_order_id=88 message='price is not a multiple of tick size'
2023-03-12 20:36:01,185 [INFO   ] [COMPETITOR] 'TraderTwo' sent error message: time=11.285838 client_order_id=89 message='price is not a multiple of tick size'
2023-03-12 20:36:01,185 [INFO   ] [COMPETITOR] 'TraderTwo' sent error message: time=11.286324 client_order_id=90 message='price is not a multiple of tick size'
2023-03-12 20:36:01,442 [INFO   ] [COMPETITOR] 'TraderTwo' sent error message: time=11.542376 client_order_id=91 message='price is not a multiple of tick size'
2023-03-12 20:36:01,442 [INFO   ] [COMPETITOR] 'TraderTwo' sent error message: time=11.543060 client_order_id=92 message='price is not a multiple of tick size'
2023-03-12 20:36:01,696 [INFO   ] [COMPETITOR] 'TraderTwo' sent error message: time=11.796514 client_order_id=93 message='price is not a multiple of tick size'
2023-03-12 20:36:01,696 [INFO   ] [COMPETITOR] 'TraderTwo' sent error message: time=11.796826 client_order_id=94 message='price is not a multiple of tick size'
2023-03-12 20:36:01,924 [INFO   ] [COMPETITOR] 'TraderTwo' sent error message: time=12.024489 client_order_id=95 message='price is not a multiple of tick size'
2023-03-12 20:36:01,924 [INFO   ] [COMPETITOR] 'TraderTwo' sent error message: time=12.025211 client_order_id=96 message='price is not a multiple of tick size'
2023-03-12 20:36:02,220 [INFO   ] [COMPETITOR] 'TraderTwo' sent error message: time=12.302269 client_order_id=97 message='price is not a multiple of tick size'
2023-03-12 20:36:02,221 [INFO   ] [COMPETITOR] 'TraderTwo' sent error message: time=12.320956 client_order_id=98 message='price is not a multiple of tick size'
2023-03-12 20:36:02,720 [INFO   ] [COMPETITOR] 'TraderTwo' sent error message: time=12.821304 client_order_id=99 message='price is not a multiple of tick size'
2023-03-12 20:36:02,721 [INFO   ] [COMPETITOR] 'TraderTwo' sent error message: time=12.821798 client_order_id=100 message='price is not a multiple of tick size'
2023-03-12 20:36:02,935 [INFO   ] [COMPETITOR] 'TraderTwo' sent error message: time=13.032834 client_order_id=101 message='price is not a multiple of tick size'
2023-03-12 20:36:02,935 [INFO   ] [COMPETITOR] 'TraderTwo' sent error message: time=13.035629 client_order_id=102 message='price is not a multiple of tick size'
2023-03-12 20:36:03,185 [INFO   ] [COMPETITOR] 'TraderTwo' sent error message: time=13.284720 client_order_id=103 message='price is not a multiple of tick size'
2023-03-12 20:36:03,186 [INFO   ] [COMPETITOR] 'TraderTwo' sent error message: time=13.286404 client_order_id=104 message='price is not a multiple of tick size'
2023-03-12 20:36:03,459 [INFO   ] [COMPETITOR] 'TraderTwo' sent error message: time=13.558604 client_order_id=105 message='price is not a multiple of tick size'
2023-03-12 20:36:03,459 [INFO   ] [COMPETITOR] 'TraderTwo' sent error message: time=13.559605 client_order_id=106 message='price is not a multiple of tick size'
2023-03-12 20:36:03,641 [INFO   ] [COMPETITOR] 'TraderTwo' sent error message: time=13.741567 client_order_id=107 message='price is not a multiple of tick size'
2023-03-12 20:36:03,641 [INFO   ] [COMPETITOR] 'TraderTwo' sent error message: time=13.742091 client_order_id=108 message='price is not a multiple of tick size'
2023-03-12 20:36:03,926 [INFO   ] [COMPETITOR] 'TraderTwo' sent error message: time=14.026083 client_order_id=109 message='price is not a multiple of tick size'
2023-03-12 20:36:03,926 [INFO   ] [COMPETITOR] 'TraderTwo' sent error message: time=14.027232 client_order_id=110 message='price is not a multiple of tick size'
2023-03-12 20:36:04,144 [INFO   ] [COMPETITOR] 'TraderTwo' sent error message: time=14.242355 client_order_id=111 message='price is not a multiple of tick size'
2023-03-12 20:36:04,145 [INFO   ] [COMPETITOR] 'TraderTwo' sent error message: time=14.245515 client_order_id=112 message='price is not a multiple of tick size'
2023-03-12 20:36:04,463 [INFO   ] [COMPETITOR] 'TraderTwo' sent error message: time=14.563898 client_order_id=113 message='price is not a multiple of tick size'
2023-03-12 20:36:04,464 [INFO   ] [COMPETITOR] 'TraderTwo' sent error message: time=14.564333 client_order_id=114 message='price is not a multiple of tick size'
2023-03-12 20:36:04,698 [INFO   ] [COMPETITOR] 'TraderTwo' sent error message: time=14.798555 client_order_id=115 message='price is not a multiple of tick size'
2023-03-12 20:36:04,699 [INFO   ] [COMPETITOR] 'TraderTwo' sent error message: time=14.799593 client_order_id=116 message='price is not a multiple of tick size'
2023-03-12 20:36:04,962 [INFO   ] [COMPETITOR] 'TraderTwo' sent error message: time=15.062844 client_order_id=117 message='price is not a multiple of tick size'
2023-03-12 20:36:04,962 [INFO   ] [COMPETITOR] 'TraderTwo' sent error message: time=15.063282 client_order_id=118 message='price is not a multiple of tick size'
2023-03-12 20:36:05,178 [INFO   ] [COMPETITOR] 'TraderTwo' sent error message: time=15.276007 client_order_id=119 message='price is not a multiple of tick size'
2023-03-12 20:36:05,178 [INFO   ] [COMPETITOR] 'TraderTwo' sent error message: time=15.278969 client_order_id=120 message='price is not a multiple of tick size'
2023-03-12 20:36:05,416 [INFO   ] [COMPETITOR] 'TraderTwo' sent error message: time=15.515161 client_order_id=121 message='price is not a multiple of tick size'
2023-03-12 20:36:05,416 [INFO   ] [COMPETITOR] 'TraderTwo' sent error message: time=15.517308 client_order_id=122 message='price is not a multiple of tick size'
2023-03-12 20:36:05,720 [INFO   ] [COMPETITOR] 'TraderTwo' sent error message: time=15.819680 client_order_id=123 message='price is not a multiple of tick size'
2023-03-12 20:36:05,721 [INFO   ] [COMPETITOR] 'TraderTwo' sent error message: time=15.821595 client_order_id=124 message='price is not a multiple of tick size'
2023-03-12 20:36:05,968 [INFO   ] [COMPETITOR] 'TraderTwo' sent error message: time=16.068308 client_order_id=125 message='price is not a multiple of tick size'
2023-03-12 20:36:05,969 [INFO   ] [COMPETITOR] 'TraderTwo' sent error message: time=16.069646 client_order_id=126 message='price is not a multiple of tick size'
2023-03-12 20:36:06,178 [INFO   ] [COMPETITOR] 'TraderTwo' sent error message: time=16.278152 client_order_id=127 message='price is not a multiple of tick size'
2023-03-12 20:36:06,179 [INFO   ] [COMPETITOR] 'TraderTwo' sent error message: time=16.279345 client_order_id=128 message='price is not a multiple of tick size'
2023-03-12 20:36:06,445 [INFO   ] [COMPETITOR] 'TraderTwo' sent error message: time=16.543461 client_order_id=129 message='price is not a multiple of tick size'
2023-03-12 20:36:06,445 [INFO   ] [COMPETITOR] 'TraderTwo' sent error message: time=16.545963 client_order_id=130 message='price is not a multiple of tick size'
2023-03-12 20:36:06,629 [INFO   ] [COMPETITOR] 'TraderTwo' sent error message: time=16.728267 client_order_id=131 message='price is not a multiple of tick size'
2023-03-12 20:36:06,629 [INFO   ] [COMPETITOR] 'TraderTwo' sent error message: time=16.729986 client_order_id=132 message='price is not a multiple of tick size'
2023-03-12 20:36:06,886 [INFO   ] [COMPETITOR] 'TraderTwo' sent error message: time=16.986199 client_order_id=133 message='price is not a multiple of tick size'
2023-03-12 20:36:06,888 [INFO   ] [COMPETITOR] 'TraderTwo' sent error message: time=16.988348 client_order_id=134 message='price is not a multiple of tick size'
2023-03-12 20:36:07,192 [INFO   ] [COMPETITOR] 'TraderTwo' sent error message: time=17.292374 client_order_id=135 message='price is not a multiple of tick size'
2023-03-12 20:36:07,193 [INFO   ] [COMPETITOR] 'TraderTwo' sent error message: time=17.293794 client_order_id=136 message='price is not a multiple of tick size'
2023-03-12 20:36:07,412 [INFO   ] [COMPETITOR] 'TraderTwo' sent error message: time=17.512823 client_order_id=137 message='price is not a multiple of tick size'
2023-03-12 20:36:07,412 [INFO   ] [COMPETITOR] 'TraderTwo' sent error message: time=17.513122 client_order_id=138 message='price is not a multiple of tick size'
2023-03-12 20:36:07,656 [INFO   ] [COMPETITOR] 'TraderTwo' sent error message: time=17.756765 client_order_id=139 message='price is not a multiple of tick size'
2023-03-12 20:36:07,657 [INFO   ] [COMPETITOR] 'TraderTwo' sent error message: time=17.757367 client_order_id=140 message='price is not a multiple of tick size'
2023-03-12 20:36:07,889 [INFO   ] [COMPETITOR] 'TraderTwo' sent error message: time=17.989471 client_order_id=141 message='price is not a multiple of tick size'
2023-03-12 20:36:07,890 [INFO   ] [COMPETITOR] 'TraderTwo' sent error message: time=17.990522 client_order_id=142 message='price is not a multiple of tick size'
2023-03-12 20:36:08,146 [INFO   ] [COMPETITOR] 'TraderTwo' sent error message: time=18.245421 client_order_id=143 message='price is not a multiple of tick size'
2023-03-12 20:36:08,147 [INFO   ] [COMPETITOR] 'TraderTwo' sent error message: time=18.247690 client_order_id=144 message='price is not a multiple of tick size'
2023-03-12 20:36:08,434 [INFO   ] [COMPETITOR] 'TraderTwo' sent error message: time=18.531187 client_order_id=145 message='price is not a multiple of tick size'
2023-03-12 20:36:08,435 [INFO   ] [COMPETITOR] 'TraderTwo' sent error message: time=18.535040 client_order_id=146 message='price is not a multiple of tick size'
2023-03-12 20:36:08,684 [INFO   ] [COMPETITOR] 'TraderTwo' sent error message: time=18.782817 client_order_id=147 message='price is not a multiple of tick size'
2023-03-12 20:36:08,685 [INFO   ] [COMPETITOR] 'TraderTwo' sent error message: time=18.785359 client_order_id=148 message='price is not a multiple of tick size'
2023-03-12 20:36:09,179 [INFO   ] [COMPETITOR] 'TraderTwo' sent error message: time=19.279236 client_order_id=149 message='price is not a multiple of tick size'
2023-03-12 20:36:09,181 [INFO   ] [COMPETITOR] 'TraderTwo' sent error message: time=19.281629 client_order_id=150 message='price is not a multiple of tick size'
2023-03-12 20:36:09,480 [INFO   ] [COMPETITOR] 'TraderTwo' sent error message: time=19.576596 client_order_id=151 message='price is not a multiple of tick size'
2023-03-12 20:36:09,480 [INFO   ] [COMPETITOR] 'TraderTwo' sent error message: time=19.581123 client_order_id=152 message='price is not a multiple of tick size'
2023-03-12 20:36:09,644 [INFO   ] [COMPETITOR] 'TraderTwo' sent error message: time=19.744338 client_order_id=153 message='price is not a multiple of tick size'
2023-03-12 20:36:09,645 [INFO   ] [COMPETITOR] 'TraderTwo' sent error message: time=19.745407 client_order_id=154 message='price is not a multiple of tick size'
2023-03-12 20:36:09,931 [INFO   ] [COMPETITOR] 'TraderTwo' sent error message: time=20.029304 client_order_id=155 message='price is not a multiple of tick size'
2023-03-12 20:36:09,931 [INFO   ] [COMPETITOR] 'TraderTwo' sent error message: time=20.031786 client_order_id=156 message='price is not a multiple of tick size'
2023-03-12 20:36:10,219 [INFO   ] [COMPETITOR] 'TraderTwo' sent error message: time=20.316537 client_order_id=157 message='price is not a multiple of tick size'
2023-03-12 20:36:10,221 [INFO   ] [COMPETITOR] 'TraderTwo' sent error message: time=20.321499 client_order_id=158 message='price is not a multiple of tick size'
2023-03-12 20:36:10,421 [INFO   ] [COMPETITOR] 'TraderTwo' sent error message: time=20.520506 client_order_id=159 message='price is not a multiple of tick size'
2023-03-12 20:36:10,422 [INFO   ] [COMPETITOR] 'TraderTwo' sent error message: time=20.522532 client_order_id=160 message='price is not a multiple of tick size'
2023-03-12 20:36:10,664 [INFO   ] [COMPETITOR] 'TraderTwo' sent error message: time=20.761390 client_order_id=161 message='price is not a multiple of tick size'
2023-03-12 20:36:10,665 [INFO   ] [COMPETITOR] 'TraderTwo' sent error message: time=20.765001 client_order_id=162 message='price is not a multiple of tick size'
2023-03-12 20:36:10,962 [INFO   ] [COMPETITOR] 'TraderTwo' sent error message: time=21.055414 client_order_id=163 message='price is not a multiple of tick size'
2023-03-12 20:36:10,964 [INFO   ] [COMPETITOR] 'TraderTwo' sent error message: time=21.063499 client_order_id=164 message='price is not a multiple of tick size'
2023-03-12 20:36:11,209 [INFO   ] [COMPETITOR] 'TraderTwo' sent error message: time=21.308317 client_order_id=165 message='price is not a multiple of tick size'
2023-03-12 20:36:11,209 [INFO   ] [COMPETITOR] 'TraderTwo' sent error message: time=21.309889 client_order_id=166 message='price is not a multiple of tick size'
2023-03-12 20:36:11,382 [INFO   ] [COMPETITOR] 'TraderTwo' sent error message: time=21.480100 client_order_id=167 message='price is not a multiple of tick size'
2023-03-12 20:36:11,382 [INFO   ] [COMPETITOR] 'TraderTwo' sent error message: time=21.483263 client_order_id=168 message='price is not a multiple of tick size'
2023-03-12 20:36:11,661 [INFO   ] [COMPETITOR] 'TraderTwo' sent error message: time=21.761677 client_order_id=169 message='price is not a multiple of tick size'
2023-03-12 20:36:11,662 [INFO   ] [COMPETITOR] 'TraderTwo' sent error message: time=21.762545 client_order_id=170 message='price is not a multiple of tick size'
2023-03-12 20:36:12,151 [INFO   ] [COMPETITOR] 'TraderTwo' sent error message: time=22.252251 client_order_id=174 message='price is not a multiple of tick size'
2023-03-12 20:36:12,152 [INFO   ] [COMPETITOR] 'TraderTwo' sent error message: time=22.252569 client_order_id=175 message='price is not a multiple of tick size'
2023-03-12 20:36:12,438 [INFO   ] [COMPETITOR] 'TraderTwo' sent error message: time=22.533086 client_order_id=176 message='price is not a multiple of tick size'
2023-03-12 20:36:12,440 [INFO   ] [COMPETITOR] 'TraderTwo' sent error message: time=22.540207 client_order_id=177 message='price is not a multiple of tick size'
2023-03-12 20:36:12,690 [INFO   ] [COMPETITOR] 'TraderTwo' sent error message: time=22.787798 client_order_id=178 message='price is not a multiple of tick size'
2023-03-12 20:36:12,692 [INFO   ] [COMPETITOR] 'TraderTwo' sent error message: time=22.792935 client_order_id=179 message='price is not a multiple of tick size'
2023-03-12 20:36:12,959 [INFO   ] [COMPETITOR] 'TraderTwo' sent error message: time=23.059881 client_order_id=180 message='price is not a multiple of tick size'
2023-03-12 20:36:12,959 [INFO   ] [COMPETITOR] 'TraderTwo' sent error message: time=23.060186 client_order_id=181 message='price is not a multiple of tick size'
2023-03-12 20:36:13,179 [INFO   ] [COMPETITOR] 'TraderTwo' sent error message: time=23.278781 client_order_id=182 message='price is not a multiple of tick size'
2023-03-12 20:36:13,180 [INFO   ] [COMPETITOR] 'TraderTwo' sent error message: time=23.280129 client_order_id=183 message='price is not a multiple of tick size'
2023-03-12 20:36:13,402 [INFO   ] [COMPETITOR] 'TraderTwo' sent error message: time=23.501281 client_order_id=184 message='price is not a multiple of tick size'
2023-03-12 20:36:13,402 [INFO   ] [COMPETITOR] 'TraderTwo' sent error message: time=23.503037 client_order_id=185 message='price is not a multiple of tick size'
2023-03-12 20:36:13,697 [INFO   ] [COMPETITOR] 'TraderTwo' sent error message: time=23.796793 client_order_id=186 message='price is not a multiple of tick size'
2023-03-12 20:36:13,697 [INFO   ] [COMPETITOR] 'TraderTwo' sent error message: time=23.798177 client_order_id=187 message='price is not a multiple of tick size'
2023-03-12 20:36:13,956 [INFO   ] [COMPETITOR] 'TraderTwo' sent error message: time=24.055614 client_order_id=188 message='price is not a multiple of tick size'
2023-03-12 20:36:13,956 [INFO   ] [COMPETITOR] 'TraderTwo' sent error message: time=24.056817 client_order_id=189 message='price is not a multiple of tick size'
2023-03-12 20:36:14,181 [INFO   ] [COMPETITOR] 'TraderTwo' sent error message: time=24.274294 client_order_id=190 message='price is not a multiple of tick size'
2023-03-12 20:36:14,181 [INFO   ] [COMPETITOR] 'TraderTwo' sent error message: time=24.282009 client_order_id=191 message='price is not a multiple of tick size'
2023-03-12 20:36:14,462 [INFO   ] [COMPETITOR] 'TraderTwo' sent error message: time=24.559439 client_order_id=192 message='price is not a multiple of tick size'
2023-03-12 20:36:14,462 [INFO   ] [COMPETITOR] 'TraderTwo' sent error message: time=24.563220 client_order_id=193 message='price is not a multiple of tick size'
2023-03-12 20:36:14,690 [INFO   ] [COMPETITOR] 'TraderTwo' sent error message: time=24.790921 client_order_id=194 message='price is not a multiple of tick size'
2023-03-12 20:36:14,692 [INFO   ] [COMPETITOR] 'TraderTwo' sent error message: time=24.792313 client_order_id=195 message='price is not a multiple of tick size'
2023-03-12 20:36:14,938 [INFO   ] [COMPETITOR] 'TraderTwo' sent error message: time=25.038317 client_order_id=196 message='price is not a multiple of tick size'
2023-03-12 20:36:14,939 [INFO   ] [COMPETITOR] 'TraderTwo' sent error message: time=25.039399 client_order_id=197 message='price is not a multiple of tick size'
2023-03-12 20:36:15,478 [INFO   ] [COMPETITOR] 'TraderTwo' sent error message: time=25.571015 client_order_id=198 message='price is not a multiple of tick size'
2023-03-12 20:36:15,479 [INFO   ] [COMPETITOR] 'TraderTwo' sent error message: time=25.579236 client_order_id=199 message='price is not a multiple of tick size'
2023-03-12 20:36:15,716 [INFO   ] [COMPETITOR] 'TraderTwo' sent error message: time=25.816727 client_order_id=200 message='price is not a multiple of tick size'
2023-03-12 20:36:15,716 [INFO   ] [COMPETITOR] 'TraderTwo' sent error message: time=25.817094 client_order_id=201 message='price is not a multiple of tick size'
2023-03-12 20:36:15,938 [INFO   ] [COMPETITOR] 'TraderTwo' sent error message: time=26.036325 client_order_id=202 message='price is not a multiple of tick size'
2023-03-12 20:36:15,940 [INFO   ] [COMPETITOR] 'TraderTwo' sent error message: time=26.040458 client_order_id=203 message='price is not a multiple of tick size'
2023-03-12 20:36:16,208 [INFO   ] [COMPETITOR] 'TraderTwo' sent error message: time=26.292941 client_order_id=204 message='price is not a multiple of tick size'
2023-03-12 20:36:16,222 [INFO   ] [COMPETITOR] 'TraderTwo' sent error message: time=26.309044 client_order_id=205 message='price is not a multiple of tick size'
2023-03-12 20:36:16,424 [INFO   ] [COMPETITOR] 'TraderTwo' sent error message: time=26.522555 client_order_id=206 message='price is not a multiple of tick size'
2023-03-12 20:36:16,425 [INFO   ] [COMPETITOR] 'TraderTwo' sent error message: time=26.525611 client_order_id=207 message='price is not a multiple of tick size'
2023-03-12 20:36:16,726 [INFO   ] [COMPETITOR] 'TraderTwo' sent error message: time=26.825982 client_order_id=208 message='price is not a multiple of tick size'
2023-03-12 20:36:16,726 [INFO   ] [COMPETITOR] 'TraderTwo' sent error message: time=26.826667 client_order_id=209 message='price is not a multiple of tick size'
2023-03-12 20:36:16,912 [INFO   ] [COMPETITOR] 'TraderTwo' sent error message: time=27.012432 client_order_id=210 message='price is not a multiple of tick size'
2023-03-12 20:36:16,912 [INFO   ] [COMPETITOR] 'TraderTwo' sent error message: time=27.012734 client_order_id=211 message='price is not a multiple of tick size'
2023-03-12 20:36:17,230 [INFO   ] [COMPETITOR] 'TraderTwo' sent error message: time=27.328018 client_order_id=212 message='price is not a multiple of tick size'
2023-03-12 20:36:17,232 [INFO   ] [COMPETITOR] 'TraderTwo' sent error message: time=27.332834 client_order_id=213 message='price is not a multiple of tick size'
2023-03-12 20:36:17,420 [INFO   ] [COMPETITOR] 'TraderTwo' sent error message: time=27.519056 client_order_id=214 message='price is not a multiple of tick size'
2023-03-12 20:36:17,421 [INFO   ] [COMPETITOR] 'TraderTwo' sent error message: time=27.521416 client_order_id=215 message='price is not a multiple of tick size'
2023-03-12 20:36:17,641 [INFO   ] [COMPETITOR] 'TraderTwo' sent error message: time=27.740988 client_order_id=216 message='price is not a multiple of tick size'
2023-03-12 20:36:17,641 [INFO   ] [COMPETITOR] 'TraderTwo' sent error message: time=27.741676 client_order_id=217 message='price is not a multiple of tick size'
2023-03-12 20:36:17,947 [INFO   ] [COMPETITOR] 'TraderTwo' sent error message: time=28.047082 client_order_id=218 message='price is not a multiple of tick size'
2023-03-12 20:36:17,947 [INFO   ] [COMPETITOR] 'TraderTwo' sent error message: time=28.047951 client_order_id=219 message='price is not a multiple of tick size'
2023-03-12 20:36:18,167 [INFO   ] [COMPETITOR] 'TraderTwo' sent error message: time=28.267302 client_order_id=220 message='price is not a multiple of tick size'
2023-03-12 20:36:18,167 [INFO   ] [COMPETITOR] 'TraderTwo' sent error message: time=28.268266 client_order_id=221 message='price is not a multiple of tick size'
2023-03-12 20:36:18,420 [INFO   ] [COMPETITOR] 'TraderTwo' sent error message: time=28.520840 client_order_id=222 message='price is not a multiple of tick size'
2023-03-12 20:36:18,421 [INFO   ] [COMPETITOR] 'TraderTwo' sent error message: time=28.521378 client_order_id=223 message='price is not a multiple of tick size'
2023-03-12 20:36:18,711 [INFO   ] [COMPETITOR] 'TraderTwo' sent error message: time=28.811786 client_order_id=224 message='price is not a multiple of tick size'
2023-03-12 20:36:18,711 [INFO   ] [COMPETITOR] 'TraderTwo' sent error message: time=28.812072 client_order_id=225 message='price is not a multiple of tick size'
2023-03-12 20:36:18,952 [INFO   ] [COMPETITOR] 'TraderTwo' sent error message: time=29.052359 client_order_id=226 message='price is not a multiple of tick size'
2023-03-12 20:36:18,952 [INFO   ] [COMPETITOR] 'TraderTwo' sent error message: time=29.052735 client_order_id=227 message='price is not a multiple of tick size'
2023-03-12 20:36:19,181 [INFO   ] [COMPETITOR] 'TraderTwo' sent error message: time=29.281754 client_order_id=228 message='price is not a multiple of tick size'
2023-03-12 20:36:19,182 [INFO   ] [COMPETITOR] 'TraderTwo' sent error message: time=29.282518 client_order_id=229 message='price is not a multiple of tick size'
2023-03-12 20:36:19,450 [INFO   ] [COMPETITOR] 'TraderTwo' sent error message: time=29.544299 client_order_id=230 message='price is not a multiple of tick size'
2023-03-12 20:36:19,450 [INFO   ] [COMPETITOR] 'TraderTwo' sent error message: time=29.550872 client_order_id=231 message='price is not a multiple of tick size'
2023-03-12 20:36:19,723 [INFO   ] [COMPETITOR] 'TraderTwo' sent error message: time=29.823021 client_order_id=232 message='price is not a multiple of tick size'
2023-03-12 20:36:19,723 [INFO   ] [COMPETITOR] 'TraderTwo' sent error message: time=29.823804 client_order_id=233 message='price is not a multiple of tick size'
2023-03-12 20:36:19,948 [INFO   ] [COMPETITOR] 'TraderTwo' sent error message: time=30.042051 client_order_id=234 message='price is not a multiple of tick size'
2023-03-12 20:36:19,950 [INFO   ] [COMPETITOR] 'TraderTwo' sent error message: time=30.048977 client_order_id=235 message='price is not a multiple of tick size'
2023-03-12 20:36:20,176 [INFO   ] [COMPETITOR] 'TraderTwo' sent error message: time=30.276372 client_order_id=236 message='price is not a multiple of tick size'
2023-03-12 20:36:20,176 [INFO   ] [COMPETITOR] 'TraderTwo' sent error message: time=30.277064 client_order_id=237 message='price is not a multiple of tick size'
2023-03-12 20:36:20,434 [INFO   ] [COMPETITOR] 'TraderTwo' sent error message: time=30.535177 client_order_id=238 message='price is not a multiple of tick size'
2023-03-12 20:36:20,435 [INFO   ] [COMPETITOR] 'TraderTwo' sent error message: time=30.535559 client_order_id=239 message='price is not a multiple of tick size'
2023-03-12 20:36:20,708 [INFO   ] [COMPETITOR] 'TraderTwo' sent error message: time=30.809195 client_order_id=240 message='price is not a multiple of tick size'
2023-03-12 20:36:20,709 [INFO   ] [COMPETITOR] 'TraderTwo' sent error message: time=30.809732 client_order_id=241 message='price is not a multiple of tick size'
2023-03-12 20:36:20,884 [INFO   ] [COMPETITOR] 'TraderTwo' sent error message: time=30.978492 client_order_id=242 message='price is not a multiple of tick size'
2023-03-12 20:36:20,885 [INFO   ] [COMPETITOR] 'TraderTwo' sent error message: time=30.985701 client_order_id=243 message='price is not a multiple of tick size'
2023-03-12 20:36:21,136 [INFO   ] [COMPETITOR] 'TraderTwo' sent error message: time=31.230792 client_order_id=244 message='price is not a multiple of tick size'
2023-03-12 20:36:21,137 [INFO   ] [COMPETITOR] 'TraderTwo' sent error message: time=31.237207 client_order_id=245 message='price is not a multiple of tick size'
2023-03-12 20:36:21,443 [INFO   ] [COMPETITOR] 'TraderTwo' sent error message: time=31.537459 client_order_id=246 message='price is not a multiple of tick size'
2023-03-12 20:36:21,443 [INFO   ] [COMPETITOR] 'TraderTwo' sent error message: time=31.543766 client_order_id=247 message='price is not a multiple of tick size'
2023-03-12 20:36:21,878 [INFO   ] [COMPETITOR] 'TraderTwo' sent error message: time=31.976785 client_order_id=248 message='price is not a multiple of tick size'
2023-03-12 20:36:21,878 [INFO   ] [COMPETITOR] 'TraderTwo' sent error message: time=31.978932 client_order_id=249 message='price is not a multiple of tick size'
2023-03-12 20:36:22,184 [INFO   ] [COMPETITOR] 'TraderTwo' sent error message: time=32.284878 client_order_id=250 message='price is not a multiple of tick size'
2023-03-12 20:36:22,185 [INFO   ] [COMPETITOR] 'TraderTwo' sent error message: time=32.286221 client_order_id=251 message='price is not a multiple of tick size'
2023-03-12 20:36:22,447 [INFO   ] [COMPETITOR] 'TraderTwo' sent error message: time=32.545879 client_order_id=252 message='price is not a multiple of tick size'
2023-03-12 20:36:22,448 [INFO   ] [COMPETITOR] 'TraderTwo' sent error message: time=32.548659 client_order_id=253 message='price is not a multiple of tick size'
2023-03-12 20:36:22,654 [INFO   ] [COMPETITOR] 'TraderTwo' sent error message: time=32.750779 client_order_id=254 message='price is not a multiple of tick size'
2023-03-12 20:36:22,660 [INFO   ] [COMPETITOR] 'TraderTwo' sent error message: time=32.758326 client_order_id=255 message='price is not a multiple of tick size'
2023-03-12 20:36:22,899 [INFO   ] [COMPETITOR] 'TraderTwo' sent error message: time=32.999532 client_order_id=256 message='price is not a multiple of tick size'
2023-03-12 20:36:22,899 [INFO   ] [COMPETITOR] 'TraderTwo' sent error message: time=33.000287 client_order_id=257 message='price is not a multiple of tick size'
2023-03-12 20:36:23,217 [INFO   ] [COMPETITOR] 'TraderTwo' sent error message: time=33.317661 client_order_id=258 message='price is not a multiple of tick size'
2023-03-12 20:36:23,218 [INFO   ] [COMPETITOR] 'TraderTwo' sent error message: time=33.318371 client_order_id=259 message='price is not a multiple of tick size'
2023-03-12 20:36:23,460 [INFO   ] [COMPETITOR] 'TraderTwo' sent error message: time=33.560574 client_order_id=260 message='price is not a multiple of tick size'
2023-03-12 20:36:23,460 [INFO   ] [COMPETITOR] 'TraderTwo' sent error message: time=33.560969 client_order_id=261 message='price is not a multiple of tick size'
2023-03-12 20:36:23,631 [INFO   ] [COMPETITOR] 'TraderTwo' sent error message: time=33.732066 client_order_id=262 message='price is not a multiple of tick size'
2023-03-12 20:36:23,632 [INFO   ] [COMPETITOR] 'TraderTwo' sent error message: time=33.732402 client_order_id=263 message='price is not a multiple of tick size'
2023-03-12 20:36:23,895 [INFO   ] [COMPETITOR] 'TraderTwo' sent error message: time=33.995468 client_order_id=264 message='price is not a multiple of tick size'
2023-03-12 20:36:23,896 [INFO   ] [COMPETITOR] 'TraderTwo' sent error message: time=33.996389 client_order_id=265 message='price is not a multiple of tick size'
2023-03-12 20:36:24,239 [INFO   ] [COMPETITOR] 'TraderTwo' sent error message: time=34.339620 client_order_id=266 message='price is not a multiple of tick size'
2023-03-12 20:36:24,239 [INFO   ] [COMPETITOR] 'TraderTwo' sent error message: time=34.339944 client_order_id=267 message='price is not a multiple of tick size'
2023-03-12 20:36:24,463 [INFO   ] [COMPETITOR] 'TraderTwo' sent error message: time=34.563469 client_order_id=268 message='price is not a multiple of tick size'
2023-03-12 20:36:24,463 [INFO   ] [COMPETITOR] 'TraderTwo' sent error message: time=34.563925 client_order_id=269 message='price is not a multiple of tick size'
2023-03-12 20:36:24,706 [INFO   ] [COMPETITOR] 'TraderTwo' sent error message: time=34.804893 client_order_id=270 message='price is not a multiple of tick size'
2023-03-12 20:36:24,706 [INFO   ] [COMPETITOR] 'TraderTwo' sent error message: time=34.806746 client_order_id=271 message='price is not a multiple of tick size'
2023-03-12 20:36:24,878 [INFO   ] [COMPETITOR] 'TraderTwo' sent error message: time=34.978462 client_order_id=272 message='price is not a multiple of tick size'
2023-03-12 20:36:24,878 [INFO   ] [COMPETITOR] 'TraderTwo' sent error message: time=34.978854 client_order_id=273 message='price is not a multiple of tick size'
2023-03-12 20:36:25,277 [INFO   ] [COMPETITOR] 'TraderTwo' sent error message: time=35.373833 client_order_id=274 message='price is not a multiple of tick size'
2023-03-12 20:36:25,278 [INFO   ] [COMPETITOR] 'TraderTwo' sent error message: time=35.378346 client_order_id=275 message='price is not a multiple of tick size'
2023-03-12 20:36:25,409 [INFO   ] [COMPETITOR] 'TraderTwo' sent error message: time=35.483523 client_order_id=276 message='price is not a multiple of tick size'
2023-03-12 20:36:25,460 [INFO   ] [COMPETITOR] 'TraderTwo' sent error message: time=35.510623 client_order_id=277 message='price is not a multiple of tick size'
2023-03-12 20:36:25,634 [INFO   ] [COMPETITOR] 'TraderTwo' sent error message: time=35.731236 client_order_id=278 message='price is not a multiple of tick size'
2023-03-12 20:36:25,635 [INFO   ] [COMPETITOR] 'TraderTwo' sent error message: time=35.735845 client_order_id=279 message='price is not a multiple of tick size'
2023-03-12 20:36:25,952 [INFO   ] [COMPETITOR] 'TraderTwo' sent error message: time=36.052224 client_order_id=280 message='price is not a multiple of tick size'
2023-03-12 20:36:25,952 [INFO   ] [COMPETITOR] 'TraderTwo' sent error message: time=36.052626 client_order_id=281 message='price is not a multiple of tick size'
2023-03-12 20:36:26,217 [INFO   ] [COMPETITOR] 'TraderTwo' sent error message: time=36.318200 client_order_id=282 message='price is not a multiple of tick size'
2023-03-12 20:36:26,218 [INFO   ] [COMPETITOR] 'TraderTwo' sent error message: time=36.318727 client_order_id=283 message='price is not a multiple of tick size'
2023-03-12 20:36:26,401 [INFO   ] [COMPETITOR] 'TraderTwo' sent error message: time=36.501169 client_order_id=284 message='price is not a multiple of tick size'
2023-03-12 20:36:26,402 [INFO   ] [COMPETITOR] 'TraderTwo' sent error message: time=36.502639 client_order_id=285 message='price is not a multiple of tick size'
2023-03-12 20:36:26,677 [INFO   ] [COMPETITOR] 'TraderTwo' sent error message: time=36.776854 client_order_id=286 message='price is not a multiple of tick size'
2023-03-12 20:36:26,678 [INFO   ] [COMPETITOR] 'TraderTwo' sent error message: time=36.779047 client_order_id=287 message='price is not a multiple of tick size'
2023-03-12 20:36:26,917 [INFO   ] [COMPETITOR] 'TraderTwo' sent error message: time=37.016460 client_order_id=288 message='price is not a multiple of tick size'
2023-03-12 20:36:26,918 [INFO   ] [COMPETITOR] 'TraderTwo' sent error message: time=37.018564 client_order_id=289 message='price is not a multiple of tick size'
2023-03-12 20:36:27,455 [INFO   ] [COMPETITOR] 'TraderTwo' sent error message: time=37.555291 client_order_id=292 message='price is not a multiple of tick size'
2023-03-12 20:36:27,455 [INFO   ] [COMPETITOR] 'TraderTwo' sent error message: time=37.555623 client_order_id=293 message='price is not a multiple of tick size'
2023-03-12 20:36:27,641 [INFO   ] [COMPETITOR] 'TraderTwo' sent error message: time=37.737507 client_order_id=294 message='price is not a multiple of tick size'
2023-03-12 20:36:27,642 [INFO   ] [COMPETITOR] 'TraderTwo' sent error message: time=37.742350 client_order_id=295 message='price is not a multiple of tick size'
2023-03-12 20:36:28,184 [INFO   ] [COMPETITOR] 'TraderTwo' sent error message: time=38.284512 client_order_id=296 message='price is not a multiple of tick size'
2023-03-12 20:36:28,187 [INFO   ] [COMPETITOR] 'TraderTwo' sent error message: time=38.288059 client_order_id=297 message='price is not a multiple of tick size'
2023-03-12 20:36:28,471 [INFO   ] [COMPETITOR] 'TraderTwo' sent error message: time=38.569235 client_order_id=298 message='price is not a multiple of tick size'
2023-03-12 20:36:28,472 [INFO   ] [COMPETITOR] 'TraderTwo' sent error message: time=38.572447 client_order_id=299 message='price is not a multiple of tick size'
2023-03-12 20:36:28,664 [INFO   ] [COMPETITOR] 'TraderTwo' sent error message: time=38.764390 client_order_id=300 message='price is not a multiple of tick size'
2023-03-12 20:36:28,664 [INFO   ] [COMPETITOR] 'TraderTwo' sent error message: time=38.765006 client_order_id=301 message='price is not a multiple of tick size'
2023-03-12 20:36:28,961 [INFO   ] [COMPETITOR] 'TraderTwo' sent error message: time=39.061958 client_order_id=302 message='price is not a multiple of tick size'
2023-03-12 20:36:28,962 [INFO   ] [COMPETITOR] 'TraderTwo' sent error message: time=39.062502 client_order_id=303 message='price is not a multiple of tick size'
2023-03-12 20:36:29,151 [INFO   ] [COMPETITOR] 'TraderTwo' sent error message: time=39.243006 client_order_id=304 message='price is not a multiple of tick size'
2023-03-12 20:36:29,152 [INFO   ] [COMPETITOR] 'TraderTwo' sent error message: time=39.252559 client_order_id=305 message='price is not a multiple of tick size'
2023-03-12 20:36:29,472 [INFO   ] [COMPETITOR] 'TraderTwo' sent error message: time=39.572465 client_order_id=306 message='price is not a multiple of tick size'
2023-03-12 20:36:29,472 [INFO   ] [COMPETITOR] 'TraderTwo' sent error message: time=39.573188 client_order_id=307 message='price is not a multiple of tick size'
2023-03-12 20:36:29,670 [INFO   ] [COMPETITOR] 'TraderTwo' sent error message: time=39.770385 client_order_id=308 message='price is not a multiple of tick size'
2023-03-12 20:36:29,671 [INFO   ] [COMPETITOR] 'TraderTwo' sent error message: time=39.771363 client_order_id=309 message='price is not a multiple of tick size'
2023-03-12 20:36:29,896 [INFO   ] [COMPETITOR] 'TraderTwo' sent error message: time=39.996246 client_order_id=310 message='price is not a multiple of tick size'
2023-03-12 20:36:29,896 [INFO   ] [COMPETITOR] 'TraderTwo' sent error message: time=39.997126 client_order_id=311 message='price is not a multiple of tick size'
2023-03-12 20:36:30,144 [INFO   ] [COMPETITOR] 'TraderTwo' sent error message: time=40.244717 client_order_id=312 message='price is not a multiple of tick size'
2023-03-12 20:36:30,144 [INFO   ] [COMPETITOR] 'TraderTwo' sent error message: time=40.245195 client_order_id=313 message='price is not a multiple of tick size'
2023-03-12 20:36:30,416 [INFO   ] [COMPETITOR] 'TraderTwo' sent error message: time=40.516925 client_order_id=314 message='price is not a multiple of tick size'
2023-03-12 20:36:30,416 [INFO   ] [COMPETITOR] 'TraderTwo' sent error message: time=40.517296 client_order_id=315 message='price is not a multiple of tick size'
2023-03-12 20:36:30,632 [INFO   ] [COMPETITOR] 'TraderTwo' sent error message: time=40.733122 client_order_id=316 message='price is not a multiple of tick size'
2023-03-12 20:36:30,633 [INFO   ] [COMPETITOR] 'TraderTwo' sent error message: time=40.733689 client_order_id=317 message='price is not a multiple of tick size'
2023-03-12 20:36:30,964 [INFO   ] [COMPETITOR] 'TraderTwo' sent error message: time=41.059349 client_order_id=318 message='price is not a multiple of tick size'
2023-03-12 20:36:30,965 [INFO   ] [COMPETITOR] 'TraderTwo' sent error message: time=41.065624 client_order_id=319 message='price is not a multiple of tick size'
2023-03-12 20:36:31,156 [INFO   ] [COMPETITOR] 'TraderTwo' sent error message: time=41.256990 client_order_id=320 message='price is not a multiple of tick size'
2023-03-12 20:36:31,157 [INFO   ] [COMPETITOR] 'TraderTwo' sent error message: time=41.257462 client_order_id=321 message='price is not a multiple of tick size'
2023-03-12 20:36:31,449 [INFO   ] [COMPETITOR] 'TraderTwo' sent error message: time=41.549738 client_order_id=322 message='price is not a multiple of tick size'
2023-03-12 20:36:31,451 [INFO   ] [COMPETITOR] 'TraderTwo' sent error message: time=41.550538 client_order_id=323 message='price is not a multiple of tick size'
2023-03-12 20:36:31,712 [INFO   ] [COMPETITOR] 'TraderTwo' sent error message: time=41.809014 client_order_id=324 message='price is not a multiple of tick size'
2023-03-12 20:36:31,715 [INFO   ] [COMPETITOR] 'TraderTwo' sent error message: time=41.813551 client_order_id=325 message='price is not a multiple of tick size'
2023-03-12 20:36:32,017 [INFO   ] [COMPETITOR] 'TraderTwo' sent error message: time=42.051232 client_order_id=326 message='price is not a multiple of tick size'
2023-03-12 20:36:32,079 [INFO   ] [COMPETITOR] 'TraderTwo' sent error message: time=42.118686 client_order_id=327 message='price is not a multiple of tick size'
2023-03-12 20:36:32,156 [INFO   ] [COMPETITOR] 'TraderTwo' sent error message: time=42.256677 client_order_id=328 message='price is not a multiple of tick size'
2023-03-12 20:36:32,157 [INFO   ] [COMPETITOR] 'TraderTwo' sent error message: time=42.257493 client_order_id=329 message='price is not a multiple of tick size'
2023-03-12 20:36:32,481 [INFO   ] [COMPETITOR] 'TraderTwo' sent error message: time=42.574314 client_order_id=330 message='price is not a multiple of tick size'
2023-03-12 20:36:32,481 [INFO   ] [COMPETITOR] 'TraderTwo' sent error message: time=42.582124 client_order_id=331 message='price is not a multiple of tick size'
2023-03-12 20:36:32,706 [INFO   ] [COMPETITOR] 'TraderTwo' sent error message: time=42.806298 client_order_id=332 message='price is not a multiple of tick size'
2023-03-12 20:36:32,706 [INFO   ] [COMPETITOR] 'TraderTwo' sent error message: time=42.807234 client_order_id=333 message='price is not a multiple of tick size'
2023-03-12 20:36:32,920 [INFO   ] [COMPETITOR] 'TraderTwo' sent error message: time=43.019616 client_order_id=334 message='price is not a multiple of tick size'
2023-03-12 20:36:32,920 [INFO   ] [COMPETITOR] 'TraderTwo' sent error message: time=43.021125 client_order_id=335 message='price is not a multiple of tick size'
2023-03-12 20:36:33,176 [INFO   ] [COMPETITOR] 'TraderTwo' sent error message: time=43.276467 client_order_id=336 message='price is not a multiple of tick size'
2023-03-12 20:36:33,178 [INFO   ] [COMPETITOR] 'TraderTwo' sent error message: time=43.276837 client_order_id=337 message='price is not a multiple of tick size'
2023-03-12 20:36:33,397 [INFO   ] [COMPETITOR] 'TraderTwo' sent error message: time=43.496596 client_order_id=338 message='price is not a multiple of tick size'
2023-03-12 20:36:33,398 [INFO   ] [COMPETITOR] 'TraderTwo' sent error message: time=43.498385 client_order_id=339 message='price is not a multiple of tick size'
2023-03-12 20:36:33,659 [INFO   ] [COMPETITOR] 'TraderTwo' sent error message: time=43.759012 client_order_id=340 message='price is not a multiple of tick size'
2023-03-12 20:36:33,668 [INFO   ] [COMPETITOR] 'TraderTwo' sent error message: time=43.760352 client_order_id=341 message='price is not a multiple of tick size'
2023-03-12 20:36:33,933 [INFO   ] [COMPETITOR] 'TraderTwo' sent error message: time=44.029690 client_order_id=342 message='price is not a multiple of tick size'
2023-03-12 20:36:33,933 [INFO   ] [COMPETITOR] 'TraderTwo' sent error message: time=44.034157 client_order_id=343 message='price is not a multiple of tick size'
2023-03-12 20:36:34,173 [INFO   ] [COMPETITOR] 'TraderTwo' sent error message: time=44.271986 client_order_id=344 message='price is not a multiple of tick size'
2023-03-12 20:36:34,173 [INFO   ] [COMPETITOR] 'TraderTwo' sent error message: time=44.273723 client_order_id=345 message='price is not a multiple of tick size'
2023-03-12 20:36:34,654 [INFO   ] [COMPETITOR] 'TraderTwo' sent error message: time=44.754796 client_order_id=346 message='price is not a multiple of tick size'
2023-03-12 20:36:34,655 [INFO   ] [COMPETITOR] 'TraderTwo' sent error message: time=44.755347 client_order_id=347 message='price is not a multiple of tick size'
2023-03-12 20:36:34,885 [INFO   ] [COMPETITOR] 'TraderTwo' sent error message: time=44.983828 client_order_id=348 message='price is not a multiple of tick size'
2023-03-12 20:36:34,885 [INFO   ] [COMPETITOR] 'TraderTwo' sent error message: time=44.985970 client_order_id=349 message='price is not a multiple of tick size'
2023-03-12 20:36:35,442 [INFO   ] [COMPETITOR] 'TraderTwo' sent error message: time=45.542903 client_order_id=352 message='price is not a multiple of tick size'
2023-03-12 20:36:35,443 [INFO   ] [COMPETITOR] 'TraderTwo' sent error message: time=45.543344 client_order_id=353 message='price is not a multiple of tick size'
2023-03-12 20:36:35,643 [INFO   ] [COMPETITOR] 'TraderTwo' sent error message: time=45.741352 client_order_id=354 message='price is not a multiple of tick size'
2023-03-12 20:36:35,644 [INFO   ] [COMPETITOR] 'TraderTwo' sent error message: time=45.744563 client_order_id=355 message='price is not a multiple of tick size'
2023-03-12 20:36:35,889 [INFO   ] [COMPETITOR] 'TraderTwo' sent error message: time=45.988491 client_order_id=356 message='price is not a multiple of tick size'
2023-03-12 20:36:35,889 [INFO   ] [COMPETITOR] 'TraderTwo' sent error message: time=45.990048 client_order_id=357 message='price is not a multiple of tick size'
2023-03-12 20:36:36,188 [INFO   ] [COMPETITOR] 'TraderTwo' sent error message: time=46.287210 client_order_id=358 message='price is not a multiple of tick size'
2023-03-12 20:36:36,189 [INFO   ] [COMPETITOR] 'TraderTwo' sent error message: time=46.289463 client_order_id=359 message='price is not a multiple of tick size'
2023-03-12 20:36:36,399 [INFO   ] [COMPETITOR] 'TraderTwo' sent error message: time=46.494861 client_order_id=360 message='price is not a multiple of tick size'
2023-03-12 20:36:36,399 [INFO   ] [COMPETITOR] 'TraderTwo' sent error message: time=46.499954 client_order_id=361 message='price is not a multiple of tick size'
2023-03-12 20:36:36,678 [INFO   ] [COMPETITOR] 'TraderTwo' sent error message: time=46.778522 client_order_id=362 message='price is not a multiple of tick size'
2023-03-12 20:36:36,679 [INFO   ] [COMPETITOR] 'TraderTwo' sent error message: time=46.779424 client_order_id=363 message='price is not a multiple of tick size'
2023-03-12 20:36:36,952 [INFO   ] [COMPETITOR] 'TraderTwo' sent error message: time=47.051528 client_order_id=364 message='price is not a multiple of tick size'
2023-03-12 20:36:36,952 [INFO   ] [COMPETITOR] 'TraderTwo' sent error message: time=47.052898 client_order_id=365 message='price is not a multiple of tick size'
2023-03-12 20:36:37,151 [INFO   ] [COMPETITOR] 'TraderTwo' sent error message: time=47.251384 client_order_id=366 message='price is not a multiple of tick size'
2023-03-12 20:36:37,151 [INFO   ] [COMPETITOR] 'TraderTwo' sent error message: time=47.251694 client_order_id=367 message='price is not a multiple of tick size'
2023-03-12 20:36:37,431 [INFO   ] [COMPETITOR] 'TraderTwo' sent error message: time=47.531353 client_order_id=368 message='price is not a multiple of tick size'
2023-03-12 20:36:37,431 [INFO   ] [COMPETITOR] 'TraderTwo' sent error message: time=47.532246 client_order_id=369 message='price is not a multiple of tick size'
2023-03-12 20:36:37,682 [INFO   ] [COMPETITOR] 'TraderTwo' sent error message: time=47.782287 client_order_id=370 message='price is not a multiple of tick size'
2023-03-12 20:36:37,682 [INFO   ] [COMPETITOR] 'TraderTwo' sent error message: time=47.782667 client_order_id=371 message='price is not a multiple of tick size'
2023-03-12 20:36:37,905 [INFO   ] [COMPETITOR] 'TraderTwo' sent error message: time=48.005773 client_order_id=372 message='price is not a multiple of tick size'
2023-03-12 20:36:37,905 [INFO   ] [COMPETITOR] 'TraderTwo' sent error message: time=48.006144 client_order_id=373 message='price is not a multiple of tick size'
2023-03-12 20:36:38,214 [INFO   ] [COMPETITOR] 'TraderTwo' sent error message: time=48.315034 client_order_id=374 message='price is not a multiple of tick size'
2023-03-12 20:36:38,215 [INFO   ] [COMPETITOR] 'TraderTwo' sent error message: time=48.315428 client_order_id=375 message='price is not a multiple of tick size'
2023-03-12 20:36:38,403 [INFO   ] [COMPETITOR] 'TraderTwo' sent error message: time=48.503453 client_order_id=376 message='price is not a multiple of tick size'
2023-03-12 20:36:38,403 [INFO   ] [COMPETITOR] 'TraderTwo' sent error message: time=48.503766 client_order_id=377 message='price is not a multiple of tick size'
2023-03-12 20:36:38,718 [INFO   ] [COMPETITOR] 'TraderTwo' sent error message: time=48.818463 client_order_id=378 message='price is not a multiple of tick size'
2023-03-12 20:36:38,718 [INFO   ] [COMPETITOR] 'TraderTwo' sent error message: time=48.818799 client_order_id=379 message='price is not a multiple of tick size'
2023-03-12 20:36:38,982 [INFO   ] [COMPETITOR] 'TraderTwo' sent error message: time=49.081814 client_order_id=380 message='price is not a multiple of tick size'
2023-03-12 20:36:38,984 [INFO   ] [COMPETITOR] 'TraderTwo' sent error message: time=49.083394 client_order_id=381 message='price is not a multiple of tick size'
2023-03-12 20:36:39,160 [INFO   ] [COMPETITOR] 'TraderTwo' sent error message: time=49.260890 client_order_id=382 message='price is not a multiple of tick size'
2023-03-12 20:36:39,161 [INFO   ] [COMPETITOR] 'TraderTwo' sent error message: time=49.261431 client_order_id=383 message='price is not a multiple of tick size'
2023-03-12 20:36:39,458 [INFO   ] [COMPETITOR] 'TraderTwo' sent error message: time=49.559166 client_order_id=384 message='price is not a multiple of tick size'
2023-03-12 20:36:39,459 [INFO   ] [COMPETITOR] 'TraderTwo' sent error message: time=49.559544 client_order_id=385 message='price is not a multiple of tick size'
2023-03-12 20:36:39,651 [INFO   ] [COMPETITOR] 'TraderTwo' sent error message: time=49.751421 client_order_id=386 message='price is not a multiple of tick size'
2023-03-12 20:36:39,651 [INFO   ] [COMPETITOR] 'TraderTwo' sent error message: time=49.751947 client_order_id=387 message='price is not a multiple of tick size'
2023-03-12 20:36:39,931 [INFO   ] [COMPETITOR] 'TraderTwo' sent error message: time=50.029836 client_order_id=388 message='price is not a multiple of tick size'
2023-03-12 20:36:39,931 [INFO   ] [COMPETITOR] 'TraderTwo' sent error message: time=50.032114 client_order_id=389 message='price is not a multiple of tick size'
2023-03-12 20:36:40,196 [INFO   ] [COMPETITOR] 'TraderTwo' sent error message: time=50.296375 client_order_id=390 message='price is not a multiple of tick size'
2023-03-12 20:36:40,196 [INFO   ] [COMPETITOR] 'TraderTwo' sent error message: time=50.296754 client_order_id=391 message='price is not a multiple of tick size'
2023-03-12 20:36:40,403 [INFO   ] [COMPETITOR] 'TraderTwo' sent error message: time=50.503530 client_order_id=392 message='price is not a multiple of tick size'
2023-03-12 20:36:40,403 [INFO   ] [COMPETITOR] 'TraderTwo' sent error message: time=50.504019 client_order_id=393 message='price is not a multiple of tick size'
2023-03-12 20:36:40,943 [INFO   ] [COMPETITOR] 'TraderTwo' sent error message: time=51.041381 client_order_id=394 message='price is not a multiple of tick size'
2023-03-12 20:36:40,944 [INFO   ] [COMPETITOR] 'TraderTwo' sent error message: time=51.044338 client_order_id=395 message='price is not a multiple of tick size'
2023-03-12 20:36:41,164 [INFO   ] [COMPETITOR] 'TraderTwo' sent error message: time=51.265221 client_order_id=396 message='price is not a multiple of tick size'
2023-03-12 20:36:41,165 [INFO   ] [COMPETITOR] 'TraderTwo' sent error message: time=51.265629 client_order_id=397 message='price is not a multiple of tick size'
2023-03-12 20:36:41,466 [INFO   ] [COMPETITOR] 'TraderTwo' sent error message: time=51.566744 client_order_id=398 message='price is not a multiple of tick size'
2023-03-12 20:36:41,467 [INFO   ] [COMPETITOR] 'TraderTwo' sent error message: time=51.567555 client_order_id=399 message='price is not a multiple of tick size'
2023-03-12 20:36:41,721 [INFO   ] [COMPETITOR] 'TraderTwo' sent error message: time=51.819900 client_order_id=400 message='price is not a multiple of tick size'
2023-03-12 20:36:41,721 [INFO   ] [COMPETITOR] 'TraderTwo' sent error message: time=51.821609 client_order_id=401 message='price is not a multiple of tick size'
2023-03-12 20:36:41,953 [INFO   ] [COMPETITOR] 'TraderTwo' sent error message: time=52.051350 client_order_id=402 message='price is not a multiple of tick size'
2023-03-12 20:36:41,953 [INFO   ] [COMPETITOR] 'TraderTwo' sent error message: time=52.053796 client_order_id=403 message='price is not a multiple of tick size'
2023-03-12 20:36:42,221 [INFO   ] [COMPETITOR] 'TraderTwo' sent error message: time=52.321438 client_order_id=404 message='price is not a multiple of tick size'
2023-03-12 20:36:42,221 [INFO   ] [COMPETITOR] 'TraderTwo' sent error message: time=52.322069 client_order_id=405 message='price is not a multiple of tick size'
2023-03-12 20:36:42,440 [INFO   ] [COMPETITOR] 'TraderTwo' sent error message: time=52.540683 client_order_id=406 message='price is not a multiple of tick size'
2023-03-12 20:36:42,441 [INFO   ] [COMPETITOR] 'TraderTwo' sent error message: time=52.541480 client_order_id=407 message='price is not a multiple of tick size'
2023-03-12 20:36:42,657 [INFO   ] [COMPETITOR] 'TraderTwo' sent error message: time=52.757277 client_order_id=408 message='price is not a multiple of tick size'
2023-03-12 20:36:42,657 [INFO   ] [COMPETITOR] 'TraderTwo' sent error message: time=52.758045 client_order_id=409 message='price is not a multiple of tick size'
2023-03-12 20:36:42,880 [INFO   ] [COMPETITOR] 'TraderTwo' sent error message: time=52.978326 client_order_id=410 message='price is not a multiple of tick size'
2023-03-12 20:36:42,881 [INFO   ] [COMPETITOR] 'TraderTwo' sent error message: time=52.981816 client_order_id=411 message='price is not a multiple of tick size'
2023-03-12 20:36:43,202 [INFO   ] [COMPETITOR] 'TraderTwo' sent error message: time=53.302526 client_order_id=412 message='price is not a multiple of tick size'
2023-03-12 20:36:43,202 [INFO   ] [COMPETITOR] 'TraderTwo' sent error message: time=53.302846 client_order_id=413 message='price is not a multiple of tick size'
2023-03-12 20:36:43,464 [INFO   ] [COMPETITOR] 'TraderTwo' sent error message: time=53.564483 client_order_id=414 message='price is not a multiple of tick size'
2023-03-12 20:36:43,464 [INFO   ] [COMPETITOR] 'TraderTwo' sent error message: time=53.565256 client_order_id=415 message='price is not a multiple of tick size'
2023-03-12 20:36:43,654 [INFO   ] [COMPETITOR] 'TraderTwo' sent error message: time=53.736183 client_order_id=416 message='price is not a multiple of tick size'
2023-03-12 20:36:43,654 [INFO   ] [COMPETITOR] 'TraderTwo' sent error message: time=53.755002 client_order_id=417 message='price is not a multiple of tick size'
2023-03-12 20:36:43,937 [INFO   ] [COMPETITOR] 'TraderTwo' sent error message: time=54.037473 client_order_id=418 message='price is not a multiple of tick size'
2023-03-12 20:36:43,937 [INFO   ] [COMPETITOR] 'TraderTwo' sent error message: time=54.037816 client_order_id=419 message='price is not a multiple of tick size'
2023-03-12 20:36:44,166 [INFO   ] [COMPETITOR] 'TraderTwo' sent error message: time=54.262530 client_order_id=420 message='price is not a multiple of tick size'
2023-03-12 20:36:44,177 [INFO   ] [COMPETITOR] 'TraderTwo' sent error message: time=54.267004 client_order_id=421 message='price is not a multiple of tick size'
2023-03-12 20:36:44,309 [INFO   ] [APP] SIGTERM signal received - shutting down...
2023-03-12 20:36:44,309 [INFO   ] [APP] closing event loop
